2025-11-23 02:59:13,381 - INFO - Loaded 2 valid NTP servers
2025-11-23 02:59:22,226 - INFO - Starting NTP amplification test against 127.0.0.1
2025-11-23 02:59:22,227 - INFO - Using 2 NTP servers with 10 threads
2025-11-23 02:59:22,528 - INFO - Attack completed. Sent 2 packets to 2 servers
2025-11-23 02:59:22,529 - INFO - Success rate: 100.0%
2025-11-23 03:01:44,858 - INFO - Loaded 2 valid NTP servers
2025-11-23 03:01:50,186 - INFO - Starting NTP amplification test against 127.0.0.1
2025-11-23 03:01:50,190 - INFO - Using 2 NTP servers with 10 threads
2025-11-23 03:01:50,434 - INFO - Attack completed. Sent 2 packets to 2 servers
2025-11-23 03:01:50,435 - INFO - Success rate: 100.0%
2025-11-23 03:06:05,853 - INFO - Loaded 2 valid NTP servers
2025-11-23 03:06:12,415 - INFO - Starting NTP amplification test against 127.0.0.1
2025-11-23 03:06:12,418 - INFO - Using 2 NTP servers with 10 threads
2025-11-23 03:06:12,660 - INFO - Attack completed. Sent 2 packets to 2 servers
2025-11-23 03:06:12,661 - INFO - Success rate: 100.0%
2025-11-23 03:09:42,486 - INFO - Loaded 2 valid NTP servers
2025-11-23 03:09:48,378 - INFO - Starting NTP amplification test against 127.0.0.1
2025-11-23 03:09:48,379 - INFO - Using 2 NTP servers with 10 threads
2025-11-23 03:09:48,608 - INFO - Attack completed. Sent 2 packets to 2 servers
2025-11-23 03:09:48,608 - INFO - Success rate: 100.0%
2025-11-23 03:13:00,455 - INFO - Loaded 2 valid NTP servers
2025-11-23 03:13:05,585 - INFO - Loaded 2 valid NTP servers
2025-11-23 03:13:09,792 - INFO - Starting NTP amplification test against 127.0.0.1
2025-11-23 03:13:09,793 - INFO - Using 2 NTP servers with 10 threads
2025-11-23 03:13:10,760 - INFO - Attack completed. Sent 100 packets to 2 servers
2025-11-23 03:13:10,760 - INFO - Success rate: 100.0%
